<?xml version="1.0" encoding="UTF-8" ?>
<testsuite tests="36" failures="2" name="com.nhs.framework.runner.TestRunner" time="70.966" errors="0" skipped="5">
  <properties>
[...]
</properties>
  <testcase classname="Verify NHS Cost Applicable for England #1" name="user navigate to NHS application" time="4.749"/>
  <testcase classname="Verify NHS Cost Applicable for England #1" name="user click &quot;Start Now&quot; button in NHS_Start Page" time="2.235"/>
  <testcase classname="Verify NHS Cost Applicable for England #1" name="user click &quot;England&quot; RadioButton in NHS_WhereYouLive Page" time="2.907"/>
  <testcase classname="Verify NHS Cost Applicable for England #1" name="user click &quot;Yes&quot; RadioButton in NHS_GPPractice Page" time="2.201"/>
  <testcase classname="Verify NHS Cost Applicable for England #1" name="user click &quot;England&quot; RadioButton in NHS_DentalPracticeCountry Page" time="2.789"/>
  <testcase classname="Verify NHS Cost Applicable for England #1" name="user enter &quot;11-09-1989&quot; textBox in NHS_DOB Page" time="2.552"/>
  <testcase classname="Verify NHS Cost Applicable for England #1" name="user click &quot;No&quot; RadioButton in NHS_Partner Page" time="2.745"/>
  <testcase classname="Verify NHS Cost Applicable for England #1" name="user click &quot;Yes&quot; RadioButton in NHS_ClaimBenfitsTaxCredits Page" time="2.229"/>
  <testcase classname="Verify NHS Cost Applicable for England #1" name="user click &quot;No, we get a different benefit&quot; RadioButton in NHS_UniversalCredit Page" time="2.892"/>
  <testcase classname="Verify NHS Cost Applicable for England #1" name="user click &quot;Tax Credits;Income Support&quot; RadioButton in NHS_Benefits Page" time="2.206"/>
  <testcase classname="Verify NHS Cost Applicable for England #1" name="user verify result Page" time="0.063"/>
  <testcase classname="Verify NHS Cost Applicable for England #1" name="Verify NHS Cost Applicable for England #1" time="1.249"/>
  <testcase classname="Verify NHS Cost Applicable for England #2" name="user navigate to NHS application" time="3.068"/>
  <testcase classname="Verify NHS Cost Applicable for England #2" name="user click &quot;Start Now&quot; button in NHS_Start Page" time="2.338"/>
  <testcase classname="Verify NHS Cost Applicable for England #2" name="user click &quot;England&quot; RadioButton in NHS_WhereYouLive Page" time="2.364"/>
  <testcase classname="Verify NHS Cost Applicable for England #2" name="user click &quot;Yes&quot; RadioButton in NHS_GPPractice Page" time="2.312"/>
  <testcase classname="Verify NHS Cost Applicable for England #2" name="user click &quot;England&quot; RadioButton in NHS_DentalPracticeCountry Page" time="2.322"/>
  <testcase classname="Verify NHS Cost Applicable for England #2" name="user enter &quot;12-10-1979&quot; textBox in NHS_DOB Page" time="2.217"/>
  <testcase classname="Verify NHS Cost Applicable for England #2" name="user click &quot;Yes&quot; RadioButton in NHS_Partner Page" time="2.34"/>
  <testcase classname="Verify NHS Cost Applicable for England #2" name="user click &quot;Yes&quot; RadioButton in NHS_ClaimBenfitsTaxCredits Page" time="2.168"/>
  <testcase classname="Verify NHS Cost Applicable for England #2" name="user click &quot;No, I get a different benefit&quot; RadioButton in NHS_UniversalCredit Page" time="2.206"/>
  <testcase classname="Verify NHS Cost Applicable for England #2" name="user click &quot;Income Support&quot; RadioButton in NHS_Benefits Page" time="2.911"/>
  <testcase classname="Verify NHS Cost Applicable for England #2" name="user verify result Page" time="0.095"/>
  <testcase classname="Verify NHS Cost Applicable for England #2" name="Verify NHS Cost Applicable for England #2" time="1.323"/>
  <testcase classname="Verify NHS Cost Applicable for Wales" name="user navigate to NHS application" time="3.374"/>
  <testcase classname="Verify NHS Cost Applicable for Wales" name="user click &quot;Start Now&quot; button in NHS_Start Page" time="2.228"/>
  <testcase classname="Verify NHS Cost Applicable for Wales" name="user click &quot;Wales&quot; RadioButton in NHS_WhereYouLive Page" time="2.801"/>
  <testcase classname="Verify NHS Cost Applicable for Wales" name="user click &quot;Yes&quot; RadioButton in NHS_GPPractice Page" time="2.257"/>
  <testcase classname="Verify NHS Cost Applicable for Wales" name="user click &quot;England&quot; RadioButton in NHS_DentalPracticeCountry Page" time="2.964"/>
  <testcase classname="Verify NHS Cost Applicable for Wales" name="user enter &quot;11-09-1600&quot; textBox in NHS_DOB Page" time="1.671">
    <failure message="NHS_DOB page has following error message Check the year you were born is correct" type="java.lang.AssertionError">java.lang.AssertionError: NHS_DOB page has following error message Check the year you were born is correct
	at org.junit.Assert.fail(Assert.java:89)
	at com.nhs.framework.PageObjects.NHS_PageLevelError.verifyErrorsInPage(NHS_PageLevelError.java:41)
	at com.nhs.framework.stepDefinitions.StepImplementation.userActionOnPage(StepImplementation.java:90)
	at ✽.user enter &quot;11-09-1600&quot; textBox in NHS_DOB Page(classpath:NHSFeatureFiles/NHS_CircumtanceChecker.feature:30)
</failure>
    <system-out>2023-10-15 17:15:55 [INFO ] [CommonActions] - [waitForElementVisibility] element found...What is your date of birth?
2023-10-15 17:15:55 [INFO ] [NHS_DOB] - [verifyDOBPage] Date Of Birth page verified successfully
2023-10-15 17:15:55 [INFO ] [NHS_DOB] - [enterDOB] Date Of Birth value entered successfully
2023-10-15 17:15:56 [INFO ] [NHS_DOB] - [clicknextButton] Successfully clicked on next button
2023-10-15 17:15:56 [INFO ] [CommonActions] - [waitForElementVisibility] element found...Check the year you were born is correct
2023-10-15 17:15:56 [INFO ] [NHS_PageLevelError] - [verifyErrorsInPage] NHS_DOB page has following error message Check the year you were born is correct
</system-out>
  </testcase>
  <testcase classname="Verify NHS Cost Applicable for Wales" name="user click &quot;No&quot; RadioButton in NHS_Partner Page" time="0">
    <skipped/>
  </testcase>
  <testcase classname="Verify NHS Cost Applicable for Wales" name="user click &quot;Yes&quot; RadioButton in NHS_ClaimBenfitsTaxCredits Page" time="0">
    <skipped/>
  </testcase>
  <testcase classname="Verify NHS Cost Applicable for Wales" name="user click &quot;No, we get a different benefit&quot; RadioButton in NHS_UniversalCredit Page" time="0">
    <skipped/>
  </testcase>
  <testcase classname="Verify NHS Cost Applicable for Wales" name="user click &quot;Tax Credits;Income Support&quot; RadioButton in NHS_Benefits Page" time="0">
    <skipped/>
  </testcase>
  <testcase classname="Verify NHS Cost Applicable for Wales" name="user verify result Page" time="0">
    <skipped/>
  </testcase>
  <testcase classname="Verify NHS Cost Applicable for Wales" name="Verify NHS Cost Applicable for Wales" time="1.19">
    <failure message="NHS_DOB page has following error message Check the year you were born is correct" type="java.lang.AssertionError">java.lang.AssertionError: NHS_DOB page has following error message Check the year you were born is correct
	at org.junit.Assert.fail(Assert.java:89)
	at com.nhs.framework.PageObjects.NHS_PageLevelError.verifyErrorsInPage(NHS_PageLevelError.java:41)
	at com.nhs.framework.stepDefinitions.StepImplementation.userActionOnPage(StepImplementation.java:90)
	at ✽.user enter &quot;11-09-1600&quot; textBox in NHS_DOB Page(classpath:NHSFeatureFiles/NHS_CircumtanceChecker.feature:30)
</failure>
    <system-out>2023-10-15 17:15:56 [INFO ] [CommonActions] - [takeScreenShotAndAttachInReport] Screenshot Captured..
2023-10-15 17:15:57 [INFO ] [CommonActions] - [takeScreenShotAndAttachInReport] Screenshot Captured..
2023-10-15 17:15:57 [INFO ] [StepImplementation] - [tearDown] Scenario Verify NHS Cost Applicable for Wales failed inbetween with status FAILED
</system-out>
  </testcase>
</testsuite>